<?xml version="1.0" encoding="UTF-8"?>
<!-- Generated by org.testng.reporters.JUnitReportReporter -->
<testsuite hostname="Sulakhe-Family5" failures="0" tests="4" name="day7.Testdemo" time="1.060" errors="0" timestamp="10 May 2024 11:18:23 GMT" skipped="0">
  <testcase classname="day7.Testdemo" name="sendkeys" time="0.573"/>
  <testcase classname="day7.Testdemo" name="checkbox" time="0.222"/>
  <testcase classname="day7.Testdemo" name="checkbox2" time="0.158"/>
  <testcase classname="day7.Testdemo" name="webtable" time="0.107"/>
</testsuite> <!-- day7.Testdemo -->
