<?xml version="1.0" encoding="UTF-8"?>
<!-- Generated by org.testng.reporters.JUnitReportReporter -->
<testsuite hostname="Sulakhe-Family5" failures="0" tests="1" name="day8.softassets" time="1.517" errors="0" timestamp="15 May 2024 05:19:47 GMT" skipped="0">
  <testcase classname="day8.softassets" name="clicktest" time="1.517"/>
</testsuite> <!-- day8.softassets -->
