<?xml version="1.0" encoding="UTF-8"?>
<!-- Generated by org.testng.reporters.JUnitReportReporter -->
<testsuite hostname="Sulakhe-Family5" failures="0" tests="3" name="day8.paralleltesting" time="33.968" errors="1" timestamp="14 May 2024 07:39:17 GMT" skipped="0">
  <testcase classname="day8.paralleltesting" name="edgetest" time="15.489"/>
  <testcase classname="day8.paralleltesting" name="firefox" time="3.862">
    <error message="Could not start a new session. Possible causes are invalid address of the remote server or browser start-up failure. 
Host info: host: &#039;SULAKHE-FAMILY5&#039;, ip: &#039;192.168.0.104&#039;" type="org.openqa.selenium.SessionNotCreatedException">
      <![CDATA[org.openqa.selenium.SessionNotCreatedException: Could not start a new session. Possible causes are invalid address of the remote server or browser start-up failure. 
Host info: host: 'SULAKHE-FAMILY5', ip: '192.168.0.104'
at org.openqa.selenium.remote.RemoteWebDriver.execute(RemoteWebDriver.java:536)
at org.openqa.selenium.remote.RemoteWebDriver.startSession(RemoteWebDriver.java:232)
at org.openqa.selenium.remote.RemoteWebDriver.<init>(RemoteWebDriver.java:161)
at org.openqa.selenium.firefox.FirefoxDriver.<init>(FirefoxDriver.java:155)
at org.openqa.selenium.firefox.FirefoxDriver.<init>(FirefoxDriver.java:150)
at org.openqa.selenium.firefox.FirefoxDriver.<init>(FirefoxDriver.java:132)
at org.openqa.selenium.firefox.FirefoxDriver.<init>(FirefoxDriver.java:127)
at org.openqa.selenium.firefox.FirefoxDriver.<init>(FirefoxDriver.java:112)
at org.openqa.selenium.firefox.FirefoxDriver.<init>(FirefoxDriver.java:102)
at day8.paralleltesting.firefox(paralleltesting.java:25)
at java.base/jdk.internal.reflect.NativeMethodAccessorImpl.invoke0(Native Method)
at java.base/jdk.internal.reflect.NativeMethodAccessorImpl.invoke(NativeMethodAccessorImpl.java:77)
at java.base/jdk.internal.reflect.DelegatingMethodAccessorImpl.invoke(DelegatingMethodAccessorImpl.java:43)
at java.base/java.lang.reflect.Method.invoke(Method.java:568)
at org.testng.internal.MethodInvocationHelper.invokeMethod(MethodInvocationHelper.java:124)
at org.testng.internal.Invoker.invokeMethod(Invoker.java:583)
at org.testng.internal.Invoker.invokeTestMethod(Invoker.java:719)
at org.testng.internal.Invoker.invokeTestMethods(Invoker.java:989)
at org.testng.internal.TestMethodWorker.invokeTestMethods(TestMethodWorker.java:125)
at org.testng.internal.TestMethodWorker.run(TestMethodWorker.java:109)
at java.base/java.util.concurrent.ThreadPoolExecutor.runWorker(ThreadPoolExecutor.java:1136)
at java.base/java.util.concurrent.ThreadPoolExecutor$Worker.run(ThreadPoolExecutor.java:635)
at java.base/java.lang.Thread.run(Thread.java:840)
Caused by: org.openqa.selenium.WebDriverException: Driver server process died prematurely.
Build info: version: '4.20.0', revision: '866c76ca80'
System info: os.name: 'Windows 11', os.arch: 'amd64', os.version: '10.0', java.version: '17.0.10'
Driver info: driver.version: FirefoxDriver
at org.openqa.selenium.remote.service.DriverService.start(DriverService.java:246)
at org.openqa.selenium.remote.service.DriverCommandExecutor.execute(DriverCommandExecutor.java:117)
at org.openqa.selenium.remote.RemoteWebDriver.execute(RemoteWebDriver.java:518)
... 22 more
]]>
    </error>
  </testcase> <!-- firefox -->
  <testcase classname="day8.paralleltesting" name="chromeTest" time="14.617"/>
</testsuite> <!-- day8.paralleltesting -->
