<?xml version="1.0" encoding="UTF-8"?>
<!-- Generated by org.testng.reporters.JUnitReportReporter -->
<testsuite hostname="Sulakhe-Family5" failures="0" tests="4" name="day8.extenddemo" time="260.046" errors="0" timestamp="14 May 2024 10:45:12 GMT" skipped="0">
  <testcase classname="day8.extenddemo" name="webtabletest" time="110.813"/>
  <testcase classname="day8.extenddemo" name="checkbpxtest" time="13.366"/>
  <testcase classname="day8.extenddemo" name="sendkeystest" time="21.018"/>
  <testcase classname="day8.extenddemo" name="linktest" time="114.849"/>
</testsuite> <!-- day8.extenddemo -->
